<?xml version="1.0" encoding="UTF-8"?>
<!-- Generated by org.testng.reporters.JUnitReportReporter -->
<testsuite hostname="QQSPLEKLTP0107" failures="0" tests="4" name="org.example.RestAssuredAPITest" time="3.745" errors="0" timestamp="2023-05-18T17:21:25 IST" skipped="0">
  <testcase classname="org.example.RestAssuredAPITest" name="GetPetDetails" time="0.659"/>
  <system-out/>
  <testcase classname="org.example.RestAssuredAPITest" name="GetBookDetails" time="1.789"/>
  <system-out/>
  <testcase classname="org.example.RestAssuredAPITest" name="GetWeatherDetailsCondensed" time="0.628"/>
  <system-out/>
  <testcase classname="org.example.RestAssuredAPITest" name="GetBooksDetails" time="0.669"/>
  <system-out/>
</testsuite> <!-- org.example.RestAssuredAPITest -->
